excuse
me
yes
is
this
your
handbag
pardon
it
thank you
very much
pen
pencil
book
watch
coat
dress
skirt
shirt
car
house
umbrella
please
here
my
ticket
number
sorry
sir
cloakroom
suit
school
teacher
son
daughter
mr
good
morning
meet
japanese
korean
i
name
what
nationality
taxi driver
air hostess
hello
hi
how
today
well
woman
thin
tall
short
old
young
busy
lazy
whose
blue
perhaps
white
sister
tie
brother
his/her
colour
green
come
upstairs
lovely
case
carpet
dog
customs
officer
girl
friend
employee
hard-working
sales reps
matter
children
tired
ice cream
big
small
open
give
one
which
empty
full
big
blunt
box
glass
on
shelf
desk
table
floor
dressing
magazine
bed
mrs
kitchen
refrigerator
right
middle
of
room
cup
living room
near
window
armchair
shut
bedroom
untidy
must
wardrobe
dust
sweep
empty
garden
under
tree
climb
across
cat
type
letter
drink
tap
day
cloud
sky
sun
shine
bridge
boat
river
ship
fly
wash
wait
jump
photograph
village
valley
between
bank
water
swim
building
work
hard
make
bookcase
homework
listen
dish
front
in front of
careful
cheese
bread
soap
chocolate
bird
any
some
of course
kettle
behind
teapot
can
boss
minute
ask
like
want
fresh
egg
banana
jam
sweet
orange
butcher
meat
beef
lamb
tell
truth
either
tomato
climate
country
pleasant
weather
sometimes
summer
autumn
winter
april
may
june
july
august
mild
always
north
east
night
rise
early
set
live
stay
home
housework
o'clock
shop
moment
envelope
writing paper
shop assistant
feel
look
must
call
doctor
bad
cold
news
headache
aspirin
earache
toothache
dentist
stomach ache
medicine
temperature
flu
measles
mumps
better
certainly
get up
play
match
talk
library
key
baby
hear
enjoy
greengrocer
absent
monday
keep
spend
weekend
year
race
town
crowd
way
stationer
awful
telephone
week
suddenly
bus stop
smile
pleasantly
understand
speak
pocket
phrasebook
phrase
slowly
hurriedly
cut
thirstily
go
greet
ago
buy
pair
fashion
uncomfortable
wear
appointment
urgent
till
shopping
list
vegetable
need
hope
thing
money
groceries
fruit
stationery
newsagent
chemist
bath
nearly
ready
dinner
restaurant
roast
breakfast
haircut
party
holiday
mess
pack
paris
cinema
film
beautiful
city
never
ever
attendant
bring
garage
crash
lamp
repair
try
believe
may
how long
since
why
sell
because
retire
cost
pound
worth
penny
still
move
miss
neighbour
person
people
poor
pilot
return
new york
tokyo
madrid
fly
return
train
platform
plenty
bar
station
porter
catch
miss
leave
describe
zip
label
handle
address
pence
belong
ow
slip
fall
downstairs
hurt
back
stand up
help
at once
sure
x-ray
licence
card
youth
hostel
association
soon
write
exam
pass
mathematics
question
easy
enough
paper
fail
answer
mark
rest
difficult
hate
low
cheer
guy
top
clever
stupid
cheap
expensive
fresh
stale
loud
high
hard
soft
sour
spell
intelligent
mistake
present
dictionary
carry
correct
keep
madam
smart
as well
suit
pretty
idea
a little
teaspoonful
less
a few
pity
instead
advice
most
least
best
model
afford
deposit
instalment
price
millionaire
conductor
fare
change
note
passenger
none
neither
get off
tramp
except
anyone
knock
everything
quiet
impossible
invite
anything
nothing
lemonade
joke
asleep
glasses
dining room
coin
mouth
swallow
later
toilet
story
happen
thief
customer
forget
manager
serve
counter
recognize
road
during
trip
travel
offer
job
guess
grow
beard
kitten
water
terribly
dry
nuisance
mean
surprise
famous
actress
at least
actor
read
wave
track
mile
overtake
speed limit
dream
sign
driving licence
charge
darling
egypt
abroad
worry
reporter
sensational
mink coat
future
get married
hotel
latest
introduce
football
pool
win
world
poor
depend
extra
overseas
engineering
company
line
excited
get on
middle-aged
opposite
curiously
funny
powder
compact
kindly
ugly
amused
embarrassed
worried
regularly
surround
wood
beauty spot
hundred
city
through
visitor
tidy
litter
litter basket
place
throw
rubbish
count
cover
piece
tyre
rusty
among
prosecute