accept /əkˈsept/ 接受
I accept your apology. (我接受你的道歉。)
He accepted the job offer. (他接受了工作邀请。)
busy /ˈbɪzi/ 忙碌
I'm too busy to talk right now. (我现在太忙，无法交谈。)
The restaurant is always busy at lunchtime. (这家餐馆午餐时间总是很忙。)
clear /klɪər/ 清楚
I need clear instructions on how to get there. (我需要清楚的去那里的指导。)
The sky is clear today. (今天天空很清晰。)
deliver /dɪˈlɪvər/ 交付
The package was delivered this morning. (包裹今天早上送达了。)
He delivered a powerful speech at the conference. (他在会议上发表了一场有力的演讲。)
easy /ˈiːzi/ 简单
This game is really easy. (这个游戏真的很简单。)
He finds math easy. (他觉得数学很简单。)
forget /fəˈɡet/ 忘记
Don't forget to lock the door. (别忘了锁门。)
I forgot her birthday. (我忘了她的生日。)
guess /ɡes/ 猜
I guess you’re right. (我猜你是对的。)
Let me guess what happened. (让我猜猜发生了什么。)
help /help/ 帮助
Can you help me with these boxes? (你能帮我搬这些箱子吗？)
She always helps those in need. (她总是帮助那些需要帮助的人。)
introduce /ˌɪn.trəˈduːs/ 介绍
Let me introduce you to my colleague. (让我向你介绍我的同事。)
He introduced a new idea at the meeting. (他在会议上提出了一个新想法。)
joke /dʒoʊk/ 玩笑
He told a funny joke. (他讲了个有趣的笑话。)
It’s just a joke, don’t take it seriously. (这只是个玩笑，不要当真。)
know /noʊ/ 知道
I know what to do. (我知道该怎么做。)
Do you know her? (你认识她吗？)
learn /lɜːrn/ 学习
I'm learning to play the guitar. (我正在学习弹吉他。)
We learn from our mistakes. (我们从错误中学习。)
move /muːv/ 移动
Could you move your car, please? (你能把你的车移开吗？)
He moved to a new city for his job. (他因为工作搬到了一个新城市。)
need /niːd/ 需要
I need some advice. (我需要一些建议。)
You need to see this. (你需要看看这个。)
open /ˈoʊpən/ 打开
Please open the window. (请打开窗户。)
The store opens at nine. (商店九点开门。)
play /pleɪ/ 玩
Let's play a game. (我们来玩个游戏吧。)
He plays football on weekends. (他周末踢足球。)
quick /kwɪk/ 快
Give me a quick response. (给我一个快速的回复。)
He's a quick learner. (他学东西很快。)
read /riːd/ 读
I love to read before bed. (我喜欢睡前阅读。)
Read the instructions carefully. (仔细阅读说明。)
speak /spiːk/ 说话
He speaks three languages. (他会说三种语言。)
Speak louder, please. (请说大声点。)
travel /ˈtrævəl/ 旅行
I travel to Europe every year. (我每年都去欧洲旅行。)
She travels frequently for work. (她因工作经常旅行。)
understand /ˌʌn.dərˈstænd/ 理解
I don't understand what you mean. (我不理解你的意思。)
He understands the importance of being punctual. (他理解准时的重要性。)
visit /ˈvɪz.ɪt/ 访问
We plan to visit our relatives this weekend. (我们计划这周末去拜访我们的亲戚。)
Have you visited the new museum? (你参观过新博物馆吗？)
want /wɒnt/ 想要
I want a cup of coffee. (我想要一杯咖啡。)
She wants to become a doctor. (她想成为一名医生。)
x-ray /ˈeks reɪ/ X射线
He had an x-ray to check for broken bones. (他做了X光检查以检查是否有骨折。)
X-ray technology is vital for medical diagnosis. (X射线技术对于医学诊断至关重要。)
yes /jes/ 是的
Yes, I agree with you. (是的，我同意你的观点。)
Yes, that sounds like a good idea. (是的，那听起来是个好主意。)
zone /zoʊn/ 区域
We are entering a residential zone. (我们正在进入一个住宅区。)
Please stay in the safety zone. (请留在安全区。)
apologize /əˈpɒl.ə.dʒaɪz/ 道歉
I apologize for any inconvenience caused. (对造成的任何不便我表示歉意。)
She apologized for arriving late. (她为迟到道歉。)
behave /bɪˈheɪv/ 行为
Please behave yourself at the party. (请在聚会上举止得体。)
The children behaved well in the restaurant. (孩子们在餐厅的表现很好。)
careful /ˈkeə.fʊl/ 小心
Be careful when you cross the street. (过马路时要小心。)
She is careful with her words. (她说话很小心。)
discuss /dɪˈskʌs/ 讨论
Let's discuss the project details tomorrow. (让我们明天讨论项目细节。)
They discussed their plans for the future. (他们讨论了他们的未来计划。)
enjoy /ɪnˈdʒɔɪ/ 享受
I enjoy reading books in my free time. (我喜欢在空闲时间阅读书籍。)
They really enjoyed their vacation. (他们真的很享受他们的假期。)
fix /fɪks/ 修理
Can you fix this broken chair? (你能修理这把坏掉的椅子吗？)
He fixed the leak in the pipe. (他修好了管道的漏洞。)
give /ɡɪv/ 给
Give me a call when you arrive. (你到的时候给我打电话。)
She gave him a birthday gift. (她给了他一个生日礼物。)
happy /ˈhæp.i/ 快乐
I'm happy to hear you're doing well. (听说你过得好，我很高兴。)
She feels happy when she is with her family. (和家人在一起时，她感到很快乐。)
invite /ɪnˈvaɪt/ 邀请
We invited all our friends to our wedding. (我们邀请了所有的朋友参加我们的婚礼。)
He was invited to join the committee. (他被邀请加入委员会。)
jump /dʒʌmp/ 跳跃
The cat jumped onto the table. (猫跳上了桌子。)
Children love to jump in puddles. (孩子们喜欢在水坑里跳来跳去。)
keep /kiːp/ 保持
Keep the door closed. (保持门关着。)
She keeps her room very tidy. (她把房间保持得很整洁。)
leave /liːv/ 离开
Please don't leave me alone here. (请不要把我一个人留在这里。)
He left the company after ten years. (他在公司工作十年后离开了。)
mention /ˈmen.ʃən/ 提到
Did she mention anything about me? (她有提到我的事吗？)
Don't mention it to anyone. (别对任何人提起这件事。)
need /niːd/ 需要
You'll need a passport to travel overseas. (你出国旅行需要护照。)
I need some time to think about it. (我需要一些时间来考虑这件事。)
offer /ˈɒf.ər/ 提供
He offered to help us with the move. (他提出帮助我们搬家。)
The company offered me a new position. (公司给我提供了一个新职位。)
promise /ˈprɒm.ɪs/ 承诺
I promise to call you tonight. (我保证今晚给你打电话。)
She made a promise to keep his secret. (她承诺保守他的秘密。)
question /ˈkwes.tʃən/ 问题
If you have any questions, feel free to ask. (如果你有任何问题，随时问。)
He raised a question during the meeting. (他在会议中提出了一个问题。)
respect /rɪˈspekt/ 尊重
I have great respect for his work. (我非常尊重他的工作。)
Respect others' opinions even if you disagree. (即使你不同意，也要尊重别人的意见。)
share /ʃeər/ 分享
She shared her snacks with everyone. (她和大家分享了她的零食。)
Can you share your thoughts on this matter? (你可以分享一下你对这个问题的想法吗？)
talk /tɔːk/ 谈话
We need to talk about your performance. (我们需要谈谈你的表现。)
He talks too much during class. (他在课堂上说话太多。)
under /ˈʌn.dər/ 在...之下
The cat hid under the table. (猫藏在桌子下面。)
We sat under a tree to avoid the sun. (我们坐在树下避阳。)
view /vjuː/ 视图，看法
We have a beautiful view of the lake from our house. (从我们家可以看到湖的美景。)
I'd like to hear your views on this topic. (我想听听你对这个话题的看法。)
write /raɪt/ 写
Please write your name here. (请在这里写上你的名字。)
She writes a blog about her travels. (她写了一个关于她旅行的博客。)
xenophobia /ˌzen.əˈfəʊ.bi.ə/ 仇外，排外
Xenophobia is a serious issue in diverse societies. (在多元化社会中，排外情绪是一个严重问题。)
The campaign aims to fight xenophobia and promote tolerance. (该运动旨在抗击排外情绪并促进宽容。)
yawn /jɔːn/ 打哈欠
He tried to suppress a yawn during the meeting. (他试图在会议中抑制打哈欠。)
Yawning is often contagious. (打哈欠经常会传染。)
zeal /ziːl/ 热情
She pursued her studies with great zeal. (她以极大的热情追求她的学业。)
His zeal for reform was noticeable. (他对改革的热情很明显。)
adapt /əˈdæpt/ 适应
You need to adapt to the new working conditions. (你需要适应新的工作环境。)
Species that adapt well to their environment thrive. (能很好适应环境的物种会繁荣发展。)
break /breɪk/ 打破
Don't break the glass! (不要打碎玻璃！)
She took a break from work to travel the world. (她从工作中抽出时间去环游世界。)
carry /ˈkæ.ri/ 携带
Please carry your ID at all times. (请随时携带你的身份证。)
He carries the responsibility for the team's success. (他承担着团队成功的责任。)
drive /draɪv/ 驾驶
He drives to work every day. (他每天开车上班。)
She has a long drive ahead of her. (她还有一段很长的路要开。)
examine /ɪɡˈzæm.ɪn/ 检查
The doctor examined the patient carefully. (医生仔细检查了病人。)
We need to examine all possibilities before making a decision. (在做决定之前，我们需要检查所有的可能性。)
fill /fɪl/ 填充
Please fill in the form and return it to us. (请填写表格并退还给我们。)
He filled the glass with water. (他用水装满了玻璃杯。)
grow /ɡroʊ/ 生长
The plant grows quickly in the summer. (这种植物在夏天生长迅速。)
Her interest in art has grown over the years. (多年来她对艺术的兴趣增长了。)
hold /hoʊld/ 握住
Hold the handrail while going down the stairs. (下楼梯时抓住扶手。)
Can you hold my bag for a moment? (你能暂时拿一下我的包吗？)
join /dʒɔɪn/ 加入
She decided to join the club. (她决定加入俱乐部。)
You should join us for dinner. (你应该加入我们共进晚餐。)
keep /kiːp/ 保持
Keep the door closed. (保持门关着。)
He keeps his office very neat. (他的办公室保持得非常整洁。)
laugh /læf/ 笑
We couldn't help but laugh at the joke. (我们忍不住对那个笑话笑了起来。)
She laughed at the funny scene in the movie. (她对电影中的有趣场景笑了。)
move /muːv/ 移动
Can you move your car, please? (你能把你的车移开吗？)
We moved to a new house last month. (我们上个月搬到了一座新房子。)
notice /ˈnoʊ.tɪs/ 注意
Did you notice the error in the report? (你注意到报告中的错误了吗？)
She noticed he was looking tired. (她注意到他看起来很累。)
open /ˈoʊ.pən/ 打开
Please open the window. (请打开窗户。)
The store opens at eight o'clock. (商店八点钟开门。)
push /pʊʃ/ 推
Push the door to open it. (推门将其打开。)
He pushed the car because it wouldn't start. (他推车，因为车启动不了。)
question /ˈkwes.tʃən/ 问题
I have a question about your proposal. (我对你的提案有个问题。)
The teacher encouraged us to ask questions. (老师鼓励我们提问。)
read /riːd/ 读
She reads a lot of books on psychology. (她阅读了很多心理学的书。)
Can you read this sign from here? (你能从这里读这个标志吗？)
speak /spiːk/ 说话
He spoke about his trip to Italy. (他谈到了他去意大利的旅行。)
Can you speak louder, please? (你能说大声一点吗？)
take /teɪk/ 拿
Take an umbrella, it might rain later. (带把伞，等会可能会下雨。)
She took the book from the shelf. (她从书架上拿下了那本书。)
understand /ˌʌn.dərˈstænd/ 理解
I understand your concerns. (我理解你的担忧。)
He didn't understand the instructions. (他没有理解指示。)
visit /ˈvɪz.ɪt/ 访问
We visited our grandparents over the weekend. (我们在周末拜访了我们的祖父母。)
Have you ever visited the Grand Canyon? (你曾经参观过大峡谷吗？)
wait /weɪt/ 等待
Wait here while I get the car. (我去取车的时候你在这里等。)
We had to wait an hour for the next train. (我们不得不等一个小时才能赶上下一班火车。)
explain /ɪkˈspleɪn/ 解释
Please explain how this machine works. (请解释这台机器是如何工作的。)
He explained the rules to the new players. (他向新玩家解释了规则。)
yearn /jɜːrn/ 渴望
She yearned for a chance to prove herself. (她渴望有机会证明自己。)
He yearned to return to his homeland. (他渴望回到他的祖国。)
zip /zɪp/ 拉链
Zip up your jacket, it's cold outside. (拉上你的夹克拉链，外面很冷。)
He zipped the tent flap closed. (他拉上了帐篷的拉链。)
adjust /əˈdʒʌst/ 调整
Adjust the volume so everyone can hear. (调整音量，让每个人都能听见。)
He adjusted his tie before the interview. (他在面试前调整了领带。)
bake /beɪk/ 烘焙
She baked a cake for his birthday. (她为他的生日烤了一个蛋糕。)
We're baking cookies this afternoon. (我们今天下午要烤饼干。)
call /kɔːl/ 呼叫
Call me when you arrive. (你到了给我打电话。)
He called to say he would be late. (他打电话来说他会迟到。)
develop /dɪˈvel.əp/ 发展
She developed a new technique for solving the problem. (她开发了一种解决问题的新技术。)
The story develops slowly at first. (故事一开始发展得很慢。)
eat /iːt/ 吃
We eat breakfast at 7 a.m. every day. (我们每天早上7点吃早餐。)
What did you eat for dinner last night? (你昨晚吃了什么晚餐？)
find /faɪnd/ 找到
I can't find my keys anywhere. (我哪里也找不到我的钥匙。)
He found a new job in the city. (他在这座城市找到了一份新工作。)
give /ɡɪv/ 给
Can you give me a hand with this? (你能帮我一下吗？)
She gave him a watch for his birthday. (她给他一块手表作为生日礼物。)
hold /hoʊld/ 握住
Hold the railing as you go down the stairs. (下楼梯时要握住栏杆。)
He held the door open for her. (他为她把门撑开。)
improve /ɪmˈpruːv/ 改进
She has significantly improved her English. (她的英语有了显著的提高。)
We are always looking to improve our services. (我们一直在寻求改进我们的服务。)
jump /dʒʌmp/ 跳跃
The cat jumped onto the counter. (猫跳上了柜台。)
Kids love to jump on the trampoline. (孩子们喜欢在蹦床上跳跃。)
know /noʊ/ 知道
I know what you mean. (我懂你的意思。)
Do you know where the nearest gas station is? (你知道最近的加油站在哪里吗？)
learn /lɜːrn/ 学习
I'm learning how to cook Italian food. (我正在学习如何做意大利菜。)
She learned to drive when she was 18. (她18岁时学会了开车。)
move /muːv/ 移动
Please move your bike so the car can pass. (请把你的自行车移开，这样车子才能过。)
They moved closer to see the screen better. (他们移动得更近一些以便更好地看到屏幕。)
open /ˈoʊ.pən/ 打开
Could you open the window, please? (你能请打开窗户吗？)
The new store opens next week. (新店下周开业。)
play /pleɪ/ 玩
The children play outside after school. (孩子们放学后在外面玩。)
He plays the guitar beautifully. (他吉他弹得很美。)
question /ˈkwes.tʃən/ 问题
She asked a difficult question during the lecture. (她在讲座中提了一个难题。)
If you have any questions, please raise your hand. (如果你有任何问题，请举手。)
read /riːd/ 读
I read a great book last week. (我上周读了一本很棒的书。)
She reads the news every morning. (她每天早上都会阅读新闻。)
speak /spiːk/ 说话
He spoke about his experiences abroad. (他谈到了他在国外的经历。)
Please speak clearly. (请说话清楚些。)
take /teɪk/ 拿
Take one tablet three times a day. (每天三次，每次一片。)
She took the bus to work. (她乘公交车上班。)
understand /ˌʌn.dərˈstænd/ 理解
I understand the instructions now. (我现在理解这些指示了。)
Do you understand why this is important? (你明白这为什么重要吗？)
visit /ˈvɪz.ɪt/ 访问
We plan to visit several museums during our vacation. (我们计划在假期期间参观几个博物馆。)
He visits his parents every Sunday. (他每个星期天都去看望他的父母。)
walk /wɔːk/ 走路
Let's walk to the park. (我们步行去公园吧。)
She walks her dog every morning. (她每天早上都遛狗。)
yearn /jɜːrn/ 渴望
He yearned for a simpler life. (他渴望一种更简单的生活。)
She yearned to see her family again. (她渴望再次见到她的家人。)
create /kriːˈeɪt/ 创造
She likes to create her own recipes. (她喜欢自创食谱。)
The new policy will create more jobs. (新政策将创造更多就业机会。)
learn /lɜːrn/ 学习
He learns something new every day. (他每天都学到新东西。)
I'm learning to play the piano. (我正在学习弹钢琴。)
show /ʃəʊ/ 显示
She showed me her wedding photos. (她给我看了她的婚礼照片。)
The guide will show us around the museum. (导游将带我们参观博物馆。)
send /send/ 发送
Send me an email with the details. (把详情通过电子邮件发送给我。)
He sent a package to his family. (他给他的家人寄了一个包裹。)
change /tʃeɪndʒ/ 改变
She changed her appointment to Tuesday. (她把约会改到了星期二。)
Can you change a twenty-dollar bill? (你能换开20美元的钞票吗？)
explain /ɪkˈspleɪn/ 解释
Please explain how it works. (请解释它是如何工作的。)
The teacher explained the problem clearly. (老师清楚地解释了问题。)
increase /ɪnˈkriːs/ 增加
We've seen an increase in sales this month. (我们这个月的销量有所增加。)
They plan to increase the number of employees. (他们计划增加员工人数。)
find /faɪnd/ 发现
Did you find what you were looking for? (你找到你在找的东西了吗？)
She found a rare book at the store. (她在商店找到了一本罕见的书。)
seem /siːm/ 看起来
It seems like a good idea. (这看起来是个好主意。)
She seems happy today. (她今天看起来很高兴。)
include /ɪnˈkluːd/ 包括
The price includes taxes and service charges. (价格包括税费和服务费。)
Your responsibilities include managing the team. (你的职责包括管理团队。)
achieve /əˈtʃiːv/ 实现
She achieved her goal of running a marathon. (她实现了跑马拉松的目标。)
The project achieved great success. (该项目取得了巨大成功。)
consider /kənˈsɪdər/ 考虑
Consider all the options before making a decision. (在做决定之前考虑所有选项。)
He is considering moving to a new city. (他在考虑搬到一个新城市。)
require /rɪˈkwaɪər/ 需要
This job requires a lot of travel. (这份工作需要大量旅行。)
You are required to wear a uniform. (你需要穿制服。)
attend /əˈtend/ 参加
She attends a dance class every week. (她每周参加舞蹈课。)
Many people attended the conference. (许多人参加了会议。)
practice /ˈpræk.tɪs/ 练习
He practices the violin every day. (他每天练习小提琴。)
They have soccer practice three times a week. (他们一周练习三次足球。)
receive /rɪˈsiːv/ 接收
Did you receive the letter I sent? (你收到我寄的信了吗？)
She received an award for her work. (她因工作获得了一个奖项。)
save /seɪv/ 保存
Save your work frequently to avoid losing data. (频繁保存工作以避免数据丢失。)
He's saving money to buy a house. (他正在存钱买房。)
support /səˈpɔːrt/ 支持
I'll support you no matter what. (无论如何我都会支持你。)
The beams support the weight of the roof. (梁支撑着屋顶的重量。)
destroy /dɪˈstrɔɪ/ 破坏
The fire destroyed the entire building. (火灾摧毁了整栋建筑。)
The virus can destroy data on your computer. (病毒可以破坏你电脑上的数据。)
cover /ˈkʌv.ər/ 覆盖
Cover the pot while the soup cooks. (煮汤时盖上锅盖。)
The insurance policy covers damage from natural disasters. (保险单涵盖自然灾害造成的损害。)
apply /əˈplaɪ/ 应用，申请
She applied for a new passport. (她申请了新护照。)
You need to apply the cream twice a day. (你需要每天涂两次这种药膏。)
avoid /əˈvɔɪd/ 避免
Avoid eating too much sugar. (避免吃太多糖。)
He avoided answering my question. (他避免回答我的问题。)
behave /bɪˈheɪv/ 表现
The children behaved very well at the dinner. (孩子们在晚餐时表现得很好。)
How does the machine behave under extreme conditions? (在极端条件下这台机器的表现如何？)
connect /kəˈnekt/ 连接
Please connect the printer to the computer. (请将打印机连接到电脑上。)
I feel a strong connection with nature. (我感觉与大自然有很强的联系。)
consider /kənˈsɪdər/ 考虑
Consider the consequences before you act. (行动前考虑后果。)
She considered all her options carefully. (她仔细考虑了所有的选择。)
contact /ˈkɒntækt/ 联系
Please contact customer service for assistance. (请联系客户服务以获得帮助。)
He lost contact with his friends from college. (他与大学时的朋友失去了联系。)
deliver /dɪˈlɪvər/ 递送
The postman delivered the letters this morning. (邮递员今天早上送来了信件。)
She delivered a powerful speech at the conference. (她在会议上发表了一场有力的演讲。)
earn /ɜːrn/ 赚得
He earns a good salary at his new job. (他在新工作中获得了丰厚的薪水。)
She earned respect through hard work. (她通过努力工作赢得了尊重。)
emphasize /ˈemfəsaɪz/ 强调
The teacher emphasized the importance of reading. (老师强调了阅读的重要性。)
I want to emphasize how critical this project is. (我想强调这个项目有多么关键。)
enhance /ɪnˈhɑːns/ 提高
This software enhances productivity. (这款软件提高了生产效率。)
Adding salt can enhance the flavor of the dish. (加盐可以提升菜肴的味道。)
ensure /ɪnˈʃʊər/ 确保
Ensure all windows are locked before leaving. (离开前确保所有窗户都上锁。)
The contract ensures that he will be paid monthly. (合同确保他将每月得到支付。)
establish /ɪˈstæblɪʃ/ 建立
The company was established in 1980. (公司成立于1980年。)
We need to establish some basic rules. (我们需要建立一些基本规则。)
evaluate /ɪˈvæljueɪt/ 评估
It's important to evaluate your options. (评估你的选项很重要。)
The manager will evaluate the employees' performance. (经理将评估员工的表现。)
feature /ˈfiːtʃər/ 特征
The new model features several improvements. (新型号具有几项改进。)
This phone has many unique features. (这部手机有许多独特的功能。)
gather /ˈɡæðər/ 收集
We gathered information for our project. (我们为项目收集了信息。)
The family gathers every year for Thanksgiving. (家人每年感恩节都会聚集在一起。)
handle /ˈhændl/ 处理
She handled the situation very well. (她处理情况很好。)
This case is being handled by our best lawyer. (这个案子由我们最好的律师处理。)
improve /ɪmˈpruːv/ 改善
He improved his skills with practice. (他通过练习提高了自己的技能。)
We're working to improve our customer service. (我们正在努力改善客户服务。)
maintain /meɪnˈteɪn/ 维持
It's important to maintain a healthy diet. (维持健康的饮食习惯很重要。)
She maintained her composure in a difficult situation. (她在困难的情况下保持了镇定。)
negotiate /nɪˈɡəʊʃieɪt/ 谈判
They negotiated a new contract. (他们谈判了一份新合同。)
We need to negotiate the terms of the agreement. (我们需要谈判协议的条款。)
operate /ˈɒpəreɪt/ 操作
She learned to operate the new software quickly. (她很快学会了操作新软件。)
The business operates in three countries. (这家企业在三个国家运营。)
participate /pɑːˈtɪsɪpeɪt/ 参与
She decided to participate in the marathon. (她决定参加马拉松。)
All employees are encouraged to participate in the training session. (鼓励所有员工参加培训课程。)
perform /pərˈfɔːrm/ 执行
The musician performed in front of a large audience. (音乐家在众多观众面前表演。)
The company has been performing well this quarter. (这个季度公司表现良好。)
present /prɪˈzent/ 呈现
He presented his findings to the committee. (他向委员会呈交了他的发现。)
Can you present your ideas more clearly? (你能更清楚地展示你的想法吗？)
protect /prəˈtekt/ 保护
The law is designed to protect consumers. (这项法律旨在保护消费者。)
We need to protect endangered species from extinction. (我们需要保护濒危物种免于灭绝。)
provide /prəˈvaɪd/ 提供
The report provides detailed information about the market trends. (报告提供了关于市场趋势的详细信息。)
Can you provide some examples? (你能提供一些例子吗？)
publish /ˈpʌblɪʃ/ 出版
She published her first novel last year. (她去年出版了她的第一部小说。)
The study was published in a leading scientific journal. (这项研究发表在一本领先的科学期刊上。)
recover /rɪˈkʌvər/ 恢复
He is recovering from surgery. (他正在从手术中恢复。)
The economy is slowly starting to recover. (经济正在缓慢开始恢复。)
reduce /rɪˈdjuːs/ 减少
We need to reduce our expenses. (我们需要减少我们的开销。)
This process helps to reduce waste. (这个过程有助于减少废物。)
reflect /rɪˈflekt/ 反映
The statistics reflect a change in consumer behavior. (统计数据反映了消费者行为的变化。)
Her mood is often reflected in her artwork. (她的情绪经常体现在她的艺术作品中。)
regulate /ˈregjʊleɪt/ 调节
The government regulates the pharmaceutical industry. (政府管制制药行业。)
This device helps to regulate the temperature. (这个设备有助于调节温度。)
relate /rɪˈleɪt/ 关联
She relates well to children. (她与孩子们相处得很好。)
How does this information relate to our project? (这些信息与我们的项目有何关联？)
release /rɪˈliːs/ 释放
The company plans to release a new product next month. (公司计划下个月发布一款新产品。)
He was released from prison after serving five years. (他服刑五年后被释放。)
rely /rɪˈlaɪ/ 依赖
We rely on technology for many aspects of our lives. (我们在生活的许多方面依赖技术。)
She relies on her assistant to manage her schedule. (她依赖她的助手来管理她的日程。)
remove /rɪˈmuːv/ 移除
Please remove your shoes before entering the house. (请在进入房屋前脱鞋。)
The mechanic removed the engine to repair it. (机械师拆下发动机进行修理。)
repair /rɪˈpeər/ 修理
He repaired the broken window. (他修理了破窗。)
The road will be closed for repairs. (道路将因修理而关闭。)
replace /rɪˈpleɪs/ 替换
You should replace the batteries in the smoke detector. (你应该更换烟雾探测器中的电池。)
Can we replace the old furniture in the office? (我们可以替换办公室里的旧家具吗？)
report /rɪˈpɔːrt/ 报告
She completed the annual report last week. (她上周完成了年度报告。)
Please report any issues to the IT department. (请将任何问题报告给IT部门。)
request /rɪˈkwest/ 请求
He made a formal request for additional funding. (他正式请求额外资金。)
Can I request a day off next week? (我下周可以请一天假吗？)
require /rɪˈkwaɪər/ 需要
This job requires a lot of travel. (这份工作需要大量出差。)
You are required to complete an evaluation. (你需要完成一个评估。)
resolve /rɪˈzɒlv/ 解决
We need to resolve the issue before we proceed. (我们需要在继续之前解决这个问题。)
She resolved to improve her grades. (她决心提高成绩。)
